\BOOKMARK [0][-]{section*.2}{Declaration}{}% 1
\BOOKMARK [0][-]{section*.4}{Abstract}{}% 2
\BOOKMARK [0][-]{section*.8}{List of Figures}{}% 3
\BOOKMARK [0][-]{section*.9}{List of Tables}{}% 4
\BOOKMARK [0][-]{chapter.1}{Introduction}{}% 5
\BOOKMARK [0][-]{chapter.2}{Methods}{}% 6
\BOOKMARK [1][-]{section.2.1}{Calibration Methods Compared}{chapter.2}% 7
\BOOKMARK [2][-]{subsection.2.1.1}{Rejection ABC}{section.2.1}% 8
\BOOKMARK [2][-]{subsection.2.1.2}{Sequential ABC}{section.2.1}% 9
\BOOKMARK [2][-]{subsection.2.1.3}{Bayesian Maximum Likelihood Estimation \(BMLE\)}{section.2.1}% 10
\BOOKMARK [1][-]{section.2.2}{The Simulation Model}{chapter.2}% 11
\BOOKMARK [2][-]{subsection.2.2.1}{The SIR Model}{section.2.2}% 12
\BOOKMARK [1][-]{section.2.3}{Performance Measures}{chapter.2}% 13
\BOOKMARK [2][-]{subsection.2.3.1}{Recording Efficiency \(Computational Cost\)}{section.2.3}% 14
\BOOKMARK [2][-]{subsection.2.3.2}{Percentage Overlap}{section.2.3}% 15
\BOOKMARK [0][-]{chapter.3}{Simulation Procedure}{}% 16
\BOOKMARK [1][-]{section.3.1}{Simulation Setup}{chapter.3}% 17
\BOOKMARK [1][-]{section.3.2}{Obtaining Targtes}{chapter.3}% 18
\BOOKMARK [0][-]{chapter.4}{Results}{}% 19
\BOOKMARK [0][-]{chapter.5}{Discussion and Conclusion}{}% 20
\BOOKMARK [1][-]{section.5.1}{Discussion}{chapter.5}% 21
\BOOKMARK [1][-]{section.5.2}{Conclusion}{chapter.5}% 22
\BOOKMARK [0][-]{section.5.2}{Appendix}{}% 23
\BOOKMARK [0][-]{appendix*.19}{List of references}{}% 24
